2023/05/22 11:43:58 [notice] 1#1: using the "epoll" event method
2023/05/22 11:43:58 [notice] 1#1: nginx/1.24.0
2023/05/22 11:43:58 [notice] 1#1: built by gcc 12.2.1 20220924 (Alpine 12.2.1_git20220924-r4) 
2023/05/22 11:43:58 [notice] 1#1: OS: Linux 5.15.90.1-microsoft-standard-WSL2
2023/05/22 11:43:58 [notice] 1#1: getrlimit(RLIMIT_NOFILE): 1048576:1048576
2023/05/22 11:43:58 [notice] 1#1: start worker processes
2023/05/22 11:43:58 [notice] 1#1: start worker process 30
2023/05/22 11:43:58 [notice] 1#1: start worker process 31
2023/05/22 11:43:58 [notice] 1#1: start worker process 32
2023/05/22 11:43:58 [notice] 1#1: start worker process 33
2023/05/22 11:43:58 [notice] 1#1: start worker process 34
2023/05/22 11:43:58 [notice] 1#1: start worker process 35
2023/05/22 11:43:58 [notice] 1#1: start worker process 36
2023/05/22 11:43:58 [notice] 1#1: start worker process 37
2023/05/22 11:46:08 [error] 31#31: *2 open() "/usr/share/nginx/html/wpad.dat" failed (2: No such file or directory), client: 172.20.0.1, server: localhost, request: "GET /wpad.dat HTTP/1.1", host: "wpad"
2023/05/22 11:46:08 [error] 31#31: *1 open() "/usr/share/nginx/html/wpad.dat" failed (2: No such file or directory), client: 172.20.0.1, server: localhost, request: "GET /wpad.dat HTTP/1.1", host: "wpad"
2023/05/22 11:48:27 [error] 30#30: *3 open() "/usr/share/nginx/html/wpad.dat" failed (2: No such file or directory), client: 172.20.0.1, server: localhost, request: "GET /wpad.dat HTTP/1.1", host: "wpad.beeline"
2023/05/22 11:49:07 [notice] 1#1: signal 3 (SIGQUIT) received, shutting down
2023/05/22 11:49:07 [notice] 30#30: gracefully shutting down
2023/05/22 11:49:07 [notice] 35#35: gracefully shutting down
2023/05/22 11:49:07 [notice] 31#31: gracefully shutting down
2023/05/22 11:49:07 [notice] 33#33: gracefully shutting down
2023/05/22 11:49:07 [notice] 34#34: gracefully shutting down
2023/05/22 11:49:07 [notice] 36#36: gracefully shutting down
2023/05/22 11:49:07 [notice] 34#34: exiting
2023/05/22 11:49:07 [notice] 35#35: exiting
2023/05/22 11:49:07 [notice] 35#35: exit
2023/05/22 11:49:07 [notice] 37#37: gracefully shutting down
2023/05/22 11:49:07 [notice] 31#31: exiting
2023/05/22 11:49:07 [notice] 33#33: exiting
2023/05/22 11:49:07 [notice] 36#36: exiting
2023/05/22 11:49:07 [notice] 32#32: gracefully shutting down
2023/05/22 11:49:07 [notice] 34#34: exit
2023/05/22 11:49:07 [notice] 37#37: exiting
2023/05/22 11:49:07 [notice] 31#31: exit
2023/05/22 11:49:07 [notice] 33#33: exit
2023/05/22 11:49:07 [notice] 36#36: exit
2023/05/22 11:49:07 [notice] 32#32: exiting
2023/05/22 11:49:07 [notice] 30#30: exiting
2023/05/22 11:49:07 [notice] 32#32: exit
2023/05/22 11:49:07 [notice] 37#37: exit
2023/05/22 11:49:07 [notice] 30#30: exit
2023/05/22 11:49:08 [notice] 1#1: signal 17 (SIGCHLD) received from 34
2023/05/22 11:49:08 [notice] 1#1: worker process 34 exited with code 0
2023/05/22 11:49:08 [notice] 1#1: signal 29 (SIGIO) received
2023/05/22 11:49:08 [notice] 1#1: signal 17 (SIGCHLD) received from 35
2023/05/22 11:49:08 [notice] 1#1: worker process 35 exited with code 0
2023/05/22 11:49:08 [notice] 1#1: signal 29 (SIGIO) received
2023/05/22 11:49:08 [notice] 1#1: signal 17 (SIGCHLD) received from 31
2023/05/22 11:49:08 [notice] 1#1: worker process 30 exited with code 0
2023/05/22 11:49:08 [notice] 1#1: worker process 31 exited with code 0
2023/05/22 11:49:08 [notice] 1#1: worker process 33 exited with code 0
2023/05/22 11:49:08 [notice] 1#1: signal 29 (SIGIO) received
2023/05/22 11:49:08 [notice] 1#1: signal 17 (SIGCHLD) received from 36
2023/05/22 11:49:08 [notice] 1#1: worker process 36 exited with code 0
2023/05/22 11:49:08 [notice] 1#1: signal 29 (SIGIO) received
2023/05/22 11:49:08 [notice] 1#1: signal 17 (SIGCHLD) received from 32
2023/05/22 11:49:08 [notice] 1#1: worker process 32 exited with code 0
2023/05/22 11:49:08 [notice] 1#1: worker process 37 exited with code 0
2023/05/22 11:49:08 [notice] 1#1: exit
2023/05/22 11:49:27 [notice] 1#1: using the "epoll" event method
2023/05/22 11:49:27 [notice] 1#1: nginx/1.24.0
2023/05/22 11:49:27 [notice] 1#1: built by gcc 12.2.1 20220924 (Alpine 12.2.1_git20220924-r4) 
2023/05/22 11:49:27 [notice] 1#1: OS: Linux 5.15.90.1-microsoft-standard-WSL2
2023/05/22 11:49:27 [notice] 1#1: getrlimit(RLIMIT_NOFILE): 1048576:1048576
2023/05/22 11:49:27 [notice] 1#1: start worker processes
2023/05/22 11:49:27 [notice] 1#1: start worker process 22
2023/05/22 11:49:27 [notice] 1#1: start worker process 23
2023/05/22 11:49:27 [notice] 1#1: start worker process 24
2023/05/22 11:49:27 [notice] 1#1: start worker process 25
2023/05/22 11:49:27 [notice] 1#1: start worker process 26
2023/05/22 11:49:27 [notice] 1#1: start worker process 27
2023/05/22 11:49:27 [notice] 1#1: start worker process 28
2023/05/22 11:49:27 [notice] 1#1: start worker process 29
2023/05/22 11:54:28 [error] 22#22: *1 open() "/usr/share/nginx/html/wpad.dat" failed (2: No such file or directory), client: 172.20.0.1, server: localhost, request: "GET /wpad.dat HTTP/1.1", host: "wpad"
2023/05/22 11:54:36 [error] 22#22: *1 open() "/usr/share/nginx/html/wpad.dat" failed (2: No such file or directory), client: 172.20.0.1, server: localhost, request: "GET /wpad.dat HTTP/1.1", host: "wpad"
2023/05/22 11:58:27 [error] 23#23: *2 open() "/usr/share/nginx/html/wpad.dat" failed (2: No such file or directory), client: 172.20.0.1, server: localhost, request: "GET /wpad.dat HTTP/1.1", host: "wpad.beeline"
2023/05/22 12:04:29 [error] 24#24: *3 open() "/usr/share/nginx/html/wpad.dat" failed (2: No such file or directory), client: 172.20.0.1, server: localhost, request: "GET /wpad.dat HTTP/1.1", host: "wpad"
2023/05/22 12:04:29 [error] 25#25: *4 open() "/usr/share/nginx/html/wpad.dat" failed (2: No such file or directory), client: 172.20.0.1, server: localhost, request: "GET /wpad.dat HTTP/1.1", host: "wpad"
2023/05/22 12:06:28 [error] 26#26: *5 open() "/usr/share/nginx/html/wpad.dat" failed (2: No such file or directory), client: 172.20.0.1, server: localhost, request: "GET /wpad.dat HTTP/1.1", host: "wpad"
2023/05/22 12:06:36 [error] 27#27: *6 open() "/usr/share/nginx/html/wpad.dat" failed (2: No such file or directory), client: 172.20.0.1, server: localhost, request: "GET /wpad.dat HTTP/1.1", host: "wpad"
2023/05/22 12:08:27 [error] 28#28: *7 open() "/usr/share/nginx/html/wpad.dat" failed (2: No such file or directory), client: 172.20.0.1, server: localhost, request: "GET /wpad.dat HTTP/1.1", host: "wpad.beeline"
2023/05/22 12:10:06 [notice] 1#1: signal 3 (SIGQUIT) received, shutting down
2023/05/22 12:10:06 [notice] 22#22: gracefully shutting down
2023/05/22 12:10:06 [notice] 26#26: gracefully shutting down
2023/05/22 12:10:06 [notice] 23#23: gracefully shutting down
2023/05/22 12:10:06 [notice] 29#29: gracefully shutting down
2023/05/22 12:10:06 [notice] 22#22: exiting
2023/05/22 12:10:06 [notice] 23#23: exiting
2023/05/22 12:10:06 [notice] 28#28: gracefully shutting down
2023/05/22 12:10:06 [notice] 27#27: gracefully shutting down
2023/05/22 12:10:06 [notice] 24#24: gracefully shutting down
2023/05/22 12:10:06 [notice] 25#25: gracefully shutting down
2023/05/22 12:10:06 [notice] 27#27: exiting
2023/05/22 12:10:06 [notice] 27#27: exit
2023/05/22 12:10:06 [notice] 24#24: exiting
2023/05/22 12:10:06 [notice] 28#28: exiting
2023/05/22 12:10:06 [notice] 26#26: exiting
2023/05/22 12:10:06 [notice] 22#22: exit
2023/05/22 12:10:06 [notice] 23#23: exit
2023/05/22 12:10:06 [notice] 29#29: exiting
2023/05/22 12:10:06 [notice] 24#24: exit
2023/05/22 12:10:06 [notice] 29#29: exit
2023/05/22 12:10:06 [notice] 28#28: exit
2023/05/22 12:10:06 [notice] 25#25: exiting
2023/05/22 12:10:06 [notice] 26#26: exit
2023/05/22 12:10:06 [notice] 25#25: exit
2023/05/22 12:10:06 [notice] 1#1: signal 17 (SIGCHLD) received from 28
2023/05/22 12:10:06 [notice] 1#1: worker process 23 exited with code 0
2023/05/22 12:10:06 [notice] 1#1: worker process 24 exited with code 0
2023/05/22 12:10:06 [notice] 1#1: worker process 28 exited with code 0
2023/05/22 12:10:06 [notice] 1#1: signal 29 (SIGIO) received
2023/05/22 12:10:06 [notice] 1#1: signal 17 (SIGCHLD) received from 25
2023/05/22 12:10:06 [notice] 1#1: worker process 25 exited with code 0
2023/05/22 12:10:06 [notice] 1#1: worker process 26 exited with code 0
2023/05/22 12:10:06 [notice] 1#1: signal 29 (SIGIO) received
2023/05/22 12:10:06 [notice] 1#1: signal 17 (SIGCHLD) received from 29
2023/05/22 12:10:06 [notice] 1#1: worker process 22 exited with code 0
2023/05/22 12:10:06 [notice] 1#1: worker process 29 exited with code 0
2023/05/22 12:10:06 [notice] 1#1: signal 29 (SIGIO) received
2023/05/22 12:10:06 [notice] 1#1: signal 17 (SIGCHLD) received from 22
2023/05/22 12:10:06 [notice] 1#1: signal 17 (SIGCHLD) received from 27
2023/05/22 12:10:06 [notice] 1#1: worker process 27 exited with code 0
2023/05/22 12:10:06 [notice] 1#1: exit
